<?xml version="1.0" encoding="UTF-8"?>
<testng-results skipped="0" failed="0" ignored="0" total="1" passed="1">
  <reporter-output>
  </reporter-output>
  <suite name="Default suite" duration-ms="106532" started-at="2018-05-17T10:42:33Z" finished-at="2018-05-17T10:44:20Z">
    <groups>
    </groups>
    <test name="Default test" duration-ms="106532" started-at="2018-05-17T10:42:33Z" finished-at="2018-05-17T10:44:20Z">
      <class name="com.epam.lab.testng1.GrafclimbPro">
        <test-method status="PASS" signature="beforeMethod()[pri:0, instance:com.epam.lab.testng1.GrafclimbPro@10d0686]" name="beforeMethod" is-config="true" duration-ms="62953" started-at="2018-05-17T10:42:33Z" finished-at="2018-05-17T10:43:36Z">
          <reporter-output>
          </reporter-output>
        </test-method> <!-- beforeMethod -->
        <test-method status="PASS" signature="simpleTest()[pri:0, instance:com.epam.lab.testng1.GrafclimbPro@10d0686]" name="simpleTest" duration-ms="41719" started-at="2018-05-17T10:43:36Z" finished-at="2018-05-17T10:44:18Z">
          <reporter-output>
          </reporter-output>
        </test-method> <!-- simpleTest -->
        <test-method status="PASS" signature="afterMethod()[pri:0, instance:com.epam.lab.testng1.GrafclimbPro@10d0686]" name="afterMethod" is-config="true" duration-ms="1735" started-at="2018-05-17T10:44:18Z" finished-at="2018-05-17T10:44:20Z">
          <reporter-output>
          </reporter-output>
        </test-method> <!-- afterMethod -->
      </class> <!-- com.epam.lab.testng1.GrafclimbPro -->
    </test> <!-- Default test -->
  </suite> <!-- Default suite -->
</testng-results>
